{
  "RSpec": {
    "coverage": {
      "/Users/konstantinhaase/Workspace/travis-api/lib/travis/api/app.rb": [
        1,
        1,
        1,
        1,
        1,
        1,
        1,
        1,
        1,
        1,
        1,
        1,
        1,
        1,
        1,
        1,
        1,
        1,
        1,
        1,
        1,
        1,
        null,
        null,
        null,
        null,
        null,
        null,
        null,
        1,
        1,
        1,
        1,
        1,
        1,
        1,
        1,
        1,
        1,
        null,
        1,
        null,
        1,
        null,
        null,
        1,
        28,
        null,
        null,
        null,
        null,
        null,
        null,
        null,
        1,
        28,
        28,
        28,
        null,
        null,
        1,
        27,
        27,
        null,
        null,
        1,
        0,
        null,
        null,
        1,
        0,
        null,
        null,
        1,
        null,
        1,
        27,
        50,
        null,
        27,
        27,
        27,
        23,
        null,
        null,
        27,
        0,
        null,
        null,
        27,
        27,
        27,
        27,
        27,
        27,
        null,
        27,
        27,
        0,
        null,
        null,
        null,
        null,
        27,
        27,
        27,
        null,
        27,
        23,
        23,
        null,
        null,
        null,
        27,
        27,
        27,
        27,
        null,
        null,
        27,
        null,
        null,
        27,
        null,
        27,
        27,
        27,
        null,
        null,
        27,
        486,
        null,
        972,
        null,
        null,
        null,
        null,
        null,
        1,
        23,
        null,
        0,
        0,
        null,
        0,
        null,
        null,
        null,
        1,
        null,
        1,
        0,
        null,
        null,
        1,
        1,
        1,
        1,
        1,
        null,
        null,
        1,
        1,
        1,
        null,
        1,
        null,
        1,
        0,
        0,
        null,
        null,
        null,
        1,
        0,
        null,
        null,
        null,
        1,
        1,
        null,
        1,
        0,
        0,
        null,
        null,
        null,
        1,
        null,
        0,
        0,
        null,
        0,
        0,
        0,
        null,
        null,
        1,
        6,
        20,
        null,
        null,
        1,
        1,
        null,
        null,
        null
      ],
      "/Users/konstantinhaase/Workspace/travis-api/lib/travis/api/v2.rb": [
        1,
        1,
        1,
        1,
        null,
        null,
        null,
        null
      ],
      "/Users/konstantinhaase/Workspace/travis-api/lib/travis/api/v2/http.rb": [
        1,
        null,
        1,
        1,
        1,
        1,
        1,
        1,
        1,
        1,
        1,
        1,
        1,
        1,
        1,
        1,
        1,
        1,
        1,
        1,
        1,
        1,
        1,
        1,
        1,
        1,
        1,
        1,
        1,
        null,
        null,
        null,
        null
      ],
      "/Users/konstantinhaase/Workspace/travis-api/lib/travis/api/serializer.rb": [
        1,
        null,
        1,
        1,
        1,
        1,
        0,
        null,
        null,
        null,
        1,
        1,
        0,
        null,
        null,
        1,
        0,
        0,
        null,
        null,
        null,
        null,
        null
      ],
      "/Users/konstantinhaase/Workspace/travis-api/lib/travis/api/v2/http/accounts.rb": [
        1,
        1,
        1,
        1,
        1,
        1,
        null,
        1,
        null,
        1,
        0,
        0,
        null,
        null,
        1,
        null,
        0,
        0,
        null,
        null,
        1,
        null,
        1,
        null,
        null,
        null,
        null,
        null,
        null,
        0,
        null,
        null,
        null,
        null,
        null,
        null,
        null,
        null
      ],
      "/Users/konstantinhaase/Workspace/travis-api/lib/travis/api/v2/http/annotations.rb": [
        1,
        1,
        1,
        1,
        1,
        1,
        null,
        1,
        0,
        null,
        null,
        1,
        null,
        0,
        0,
        null,
        null,
        1,
        null,
        1,
        null,
        null,
        null,
        null,
        null,
        null,
        null,
        0,
        null,
        null,
        null,
        null,
        null,
        null
      ],
      "/Users/konstantinhaase/Workspace/travis-api/lib/travis/api/v2/http/broadcasts.rb": [
        1,
        1,
        1,
        1,
        1,
        1,
        null,
        1,
        0,
        0,
        null,
        null,
        1,
        null,
        0,
        0,
        null,
        null,
        1,
        null,
        1,
        null,
        null,
        null,
        0,
        null,
        null,
        null,
        null,
        null,
        null,
        null
      ],
      "/Users/konstantinhaase/Workspace/travis-api/lib/travis/api/v2/http/branch.rb": [
        1,
        null,
        1,
        1,
        1,
        1,
        1,
        1,
        null,
        1,
        null,
        1,
        0,
        0,
        0,
        null,
        null,
        1,
        null,
        null,
        null,
        0,
        null,
        null,
        null,
        null,
        null,
        null
      ],
      "/Users/konstantinhaase/Workspace/travis-api/lib/travis/api/v2/http/branches.rb": [
        1,
        1,
        1,
        1,
        1,
        1,
        null,
        1,
        null,
        1,
        0,
        0,
        0,
        0,
        null,
        null,
        1,
        null,
        0,
        0,
        0,
        null,
        null,
        1,
        null,
        1,
        null,
        null,
        null,
        null,
        null,
        null,
        null,
        null,
        null,
        null,
        0,
        null,
        0,
        null,
        null,
        1,
        null,
        null,
        null,
        null,
        null,
        null,
        null,
        null,
        null,
        null,
        null,
        0,
        null,
        null,
        null,
        null,
        null,
        null
      ],
      "/Users/konstantinhaase/Workspace/travis-api/lib/travis/api/v2/http/build.rb": [
        1,
        1,
        1,
        1,
        1,
        1,
        null,
        1,
        null,
        1,
        0,
        null,
        0,
        0,
        null,
        null,
        1,
        null,
        null,
        null,
        0,
        null,
        0,
        null,
        null,
        1,
        null,
        1,
        null,
        null,
        null,
        null,
        null,
        null,
        null,
        null,
        null,
        null,
        null,
        null,
        null,
        null,
        0,
        null,
        null,
        1,
        null,
        null,
        null,
        null,
        null,
        null,
        null,
        null,
        null,
        null,
        null,
        0,
        null,
        null,
        1,
        null,
        null,
        null,
        null,
        null,
        null,
        null,
        null,
        null,
        null,
        null,
        null,
        null,
        null,
        null,
        0,
        null,
        null,
        1,
        0,
        null,
        null,
        null,
        null,
        null,
        null
      ],
      "/Users/konstantinhaase/Workspace/travis-api/lib/travis/api/v2/http/builds.rb": [
        1,
        1,
        1,
        1,
        1,
        1,
        null,
        1,
        null,
        1,
        0,
        0,
        0,
        null,
        null,
        1,
        null,
        0,
        0,
        0,
        null,
        null,
        1,
        null,
        1,
        null,
        null,
        null,
        null,
        null,
        null,
        null,
        null,
        null,
        null,
        null,
        null,
        null,
        null,
        0,
        null,
        null,
        1,
        0,
        null,
        null,
        1,
        null,
        null,
        null,
        null,
        null,
        null,
        null,
        null,
        null,
        null,
        null,
        null,
        0,
        null,
        null,
        null,
        null,
        null,
        null
      ],
      "/Users/konstantinhaase/Workspace/travis-api/lib/travis/api/v2/http/caches.rb": [
        1,
        1,
        1,
        1,
        1,
        1,
        1,
        null,
        1,
        0,
        0,
        null,
        null,
        1,
        0,
        null,
        null,
        1,
        null,
        1,
        null,
        null,
        null,
        null,
        null,
        null,
        0,
        null,
        null,
        null,
        null,
        null,
        null
      ],
      "/Users/konstantinhaase/Workspace/travis-api/lib/travis/api/v2/http/hooks.rb": [
        1,
        1,
        1,
        1,
        1,
        1,
        null,
        1,
        0,
        0,
        null,
        null,
        1,
        null,
        0,
        0,
        null,
        null,
        1,
        null,
        1,
        null,
        null,
        null,
        null,
        null,
        null,
        null,
        null,
        0,
        null,
        null,
        null,
        null,
        null,
        null,
        null
      ],
      "/Users/konstantinhaase/Workspace/travis-api/lib/travis/api/v2/http/job.rb": [
        1,
        1,
        1,
        1,
        1,
        1,
        null,
        1,
        null,
        1,
        0,
        0,
        null,
        null,
        1,
        null,
        null,
        null,
        null,
        0,
        null,
        null,
        1,
        null,
        1,
        null,
        null,
        null,
        null,
        null,
        null,
        null,
        null,
        null,
        null,
        null,
        null,
        null,
        null,
        null,
        null,
        0,
        null,
        null,
        1,
        null,
        null,
        null,
        null,
        null,
        null,
        null,
        null,
        null,
        null,
        null,
        0,
        null,
        null,
        null,
        null,
        null,
        null
      ],
      "/Users/konstantinhaase/Workspace/travis-api/lib/travis/api/v2/http/jobs.rb": [
        1,
        1,
        1,
        1,
        1,
        1,
        null,
        1,
        null,
        1,
        0,
        0,
        null,
        null,
        1,
        null,
        0,
        0,
        0,
        null,
        null,
        1,
        null,
        1,
        null,
        null,
        null,
        null,
        null,
        null,
        null,
        null,
        null,
        null,
        null,
        null,
        null,
        null,
        null,
        0,
        null,
        null,
        1,
        null,
        null,
        null,
        null,
        null,
        null,
        null,
        null,
        null,
        null,
        null,
        0,
        null,
        null,
        null,
        null,
        null,
        null
      ],
      "/Users/konstantinhaase/Workspace/travis-api/lib/travis/api/v2/http/log.rb": [
        1,
        1,
        1,
        1,
        1,
        1,
        null,
        1,
        0,
        0,
        null,
        null,
        1,
        null,
        null,
        0,
        null,
        null,
        1,
        null,
        1,
        null,
        null,
        null,
        null,
        null,
        0,
        null,
        null,
        1,
        null,
        null,
        null,
        null,
        null,
        0,
        null,
        null,
        1,
        0,
        0,
        0,
        0,
        null,
        null,
        null,
        null,
        null,
        0,
        null,
        null,
        null,
        1,
        0,
        0,
        null,
        null,
        1,
        0,
        0,
        null,
        null,
        null,
        null,
        null,
        null,
        null,
        null
      ],
      "/Users/konstantinhaase/Workspace/travis-api/lib/travis/api/v2/http/permissions.rb": [
        1,
        1,
        1,
        1,
        1,
        1,
        null,
        1,
        0,
        0,
        null,
        null,
        1,
        null,
        null,
        null,
        null,
        null,
        0,
        null,
        null,
        1,
        1,
        0,
        0,
        null,
        0,
        null,
        null,
        null,
        1,
        0,
        null,
        null,
        1,
        0,
        null,
        null,
        1,
        0,
        null,
        null,
        1,
        0,
        null,
        null,
        null,
        null,
        null,
        null
      ],
      "/Users/konstantinhaase/Workspace/travis-api/lib/travis/api/v2/http/repositories.rb": [
        1,
        1,
        1,
        1,
        1,
        1,
        null,
        1,
        null,
        1,
        0,
        0,
        null,
        null,
        1,
        null,
        0,
        0,
        null,
        null,
        1,
        null,
        1,
        null,
        null,
        null,
        null,
        null,
        null,
        null,
        null,
        null,
        null,
        null,
        null,
        null,
        0,
        null,
        null,
        null,
        null,
        null,
        null
      ],
      "/Users/konstantinhaase/Workspace/travis-api/lib/travis/api/v2/http/repository.rb": [
        1,
        1,
        1,
        1,
        1,
        1,
        null,
        1,
        null,
        1,
        0,
        null,
        null,
        1,
        null,
        null,
        0,
        null,
        null,
        1,
        null,
        null,
        1,
        null,
        null,
        null,
        null,
        null,
        null,
        null,
        null,
        null,
        null,
        null,
        null,
        0,
        null,
        null,
        null,
        null,
        null,
        null,
        null
      ],
      "/Users/konstantinhaase/Workspace/travis-api/lib/travis/api/v2/http/requests.rb": [
        1,
        1,
        1,
        1,
        1,
        1,
        1,
        null,
        1,
        0,
        0,
        0,
        null,
        null,
        1,
        null,
        0,
        0,
        0,
        null,
        null,
        1,
        null,
        1,
        0,
        null,
        null,
        null,
        null,
        null,
        null,
        null,
        null,
        null,
        null,
        null,
        null,
        null,
        null,
        null,
        null,
        null,
        null,
        0,
        null,
        0,
        null,
        null,
        1,
        null,
        null,
        null,
        null,
        null,
        null,
        null,
        null,
        null,
        null,
        null,
        null,
        0,
        null,
        null,
        null,
        null,
        null,
        null
      ],
      "/Users/konstantinhaase/Workspace/travis-api/lib/travis/api/v2/http/request.rb": [
        1,
        1,
        1,
        1,
        1,
        1,
        1,
        null,
        1,
        0,
        0,
        0,
        null,
        null,
        1,
        0,
        null,
        null,
        0,
        0,
        null,
        0,
        null,
        null,
        1,
        null,
        1,
        0,
        null,
        null,
        null,
        null,
        null,
        null,
        null,
        null,
        null,
        null,
        null,
        null,
        null,
        null,
        null,
        null,
        null,
        null,
        0,
        null,
        0,
        null,
        null,
        1,
        null,
        null,
        null,
        null,
        null,
        null,
        null,
        null,
        null,
        null,
        null,
        null,
        0,
        null,
        null,
        null,
        null,
        null,
        null
      ],
      "/Users/konstantinhaase/Workspace/travis-api/lib/travis/api/v2/http/ssl_key.rb": [
        1,
        1,
        1,
        1,
        1,
        1,
        null,
        1,
        0,
        null,
        null,
        1,
        0,
        null,
        null,
        1,
        null,
        null,
        null,
        0,
        null,
        null,
        null,
        null,
        null,
        null,
        null
      ],
      "/Users/konstantinhaase/Workspace/travis-api/lib/travis/api/v2/http/env_var.rb": [
        1,
        1,
        1,
        1,
        1,
        1,
        null,
        1,
        0,
        0,
        null,
        null,
        null,
        1,
        0,
        0,
        0,
        null,
        null,
        null,
        null,
        null,
        null
      ],
      "/Users/konstantinhaase/Workspace/travis-api/lib/travis/api/v2/http/env_vars.rb": [
        1,
        null
      ],
      "/Users/konstantinhaase/Workspace/travis-api/lib/travis/api/v2/http/user.rb": [
        1,
        1,
        1,
        1,
        1,
        1,
        null,
        1,
        null,
        1,
        0,
        0,
        null,
        null,
        1,
        null,
        null,
        0,
        null,
        null,
        1,
        null,
        1,
        null,
        null,
        null,
        null,
        null,
        null,
        null,
        null,
        null,
        null,
        null,
        0,
        null,
        null,
        null,
        null,
        null,
        null,
        null,
        null
      ],
      "/Users/konstantinhaase/Workspace/travis-api/lib/travis/api/v2/http/validation_error.rb": [
        1,
        1,
        1,
        1,
        1,
        1,
        null,
        1,
        0,
        null,
        null,
        1,
        0,
        null,
        null,
        0,
        0,
        0,
        0,
        null,
        null,
        null,
        0,
        null,
        null,
        1,
        0,
        null,
        0,
        null,
        0,
        null,
        null,
        null,
        null,
        null,
        null,
        null,
        null
      ],
      "/Users/konstantinhaase/Workspace/travis-api/lib/travis/api/v2/http/ssh_key.rb": [
        1,
        1,
        null,
        1,
        1,
        1,
        1,
        1,
        1,
        null,
        1,
        0,
        null,
        null,
        1,
        0,
        0,
        0,
        null,
        0,
        null,
        null,
        null,
        null,
        null,
        null
      ],
      "/Users/konstantinhaase/Workspace/travis-api/lib/travis/private_key.rb": [
        1,
        1,
        1,
        0,
        null,
        null,
        1,
        0,
        0,
        0,
        null,
        null,
        1,
        0,
        null,
        null
      ],
      "/Users/konstantinhaase/Workspace/travis-api/lib/travis/api/v3.rb": [
        1,
        1,
        1,
        1,
        null,
        1,
        49,
        53,
        null,
        null,
        1,
        22,
        22,
        22,
        null,
        null,
        1,
        1,
        null,
        1,
        1,
        1,
        1,
        1,
        null,
        null,
        null
      ],
      "/Users/konstantinhaase/Workspace/travis-api/lib/travis/api/v3/access_control.rb": [
        1,
        1,
        1,
        null,
        1,
        23,
        23,
        23,
        23,
        46,
        23,
        23,
        null,
        null,
        null
      ],
      "/Users/konstantinhaase/Workspace/travis-api/lib/travis/api/v3/error.rb": [
        1,
        null,
        1,
        1,
        1,
        5,
        38,
        null,
        null,
        1,
        0,
        null,
        null,
        1,
        10,
        null,
        null,
        1,
        0,
        null,
        null,
        1,
        0,
        null,
        null,
        1,
        null,
        1,
        10,
        10,
        10,
        null,
        null,
        10,
        10,
        null,
        null,
        null
      ],
      "/Users/konstantinhaase/Workspace/travis-api/lib/travis/api/v3/opt_in.rb": [
        1,
        1,
        1,
        null,
        1,
        27,
        27,
        27,
        27,
        27,
        null,
        null,
        1,
        23,
        null,
        23,
        23,
        23,
        null,
        null,
        23,
        23,
        null,
        null,
        1,
        23,
        10,
        10,
        null,
        null,
        1,
        23,
        null,
        null,
        1,
        0,
        null,
        null,
        1,
        23,
        null,
        null,
        1,
        23,
        23,
        null,
        null,
        1,
        23,
        20,
        null,
        null,
        null,
        null,
        null,
        1,
        3,
        null,
        null,
        1,
        2,
        null,
        null,
        null
      ],
      "/Users/konstantinhaase/Workspace/travis-api/lib/travis/api/v3/renderer.rb": [
        1,
        1,
        1,
        null,
        1,
        18,
        18,
        null,
        null,
        1,
        16,
        null,
        null,
        null
      ],
      "/Users/konstantinhaase/Workspace/travis-api/lib/travis/api/v3/result.rb": [
        1,
        1,
        1,
        null,
        1,
        22,
        null,
        null,
        1,
        0,
        null,
        null,
        1,
        1,
        1,
        null,
        null,
        1,
        18,
        null,
        null,
        1,
        2,
        2,
        2,
        null,
        null,
        null
      ],
      "/Users/konstantinhaase/Workspace/travis-api/lib/travis/api/v3/router.rb": [
        1,
        1,
        1,
        1,
        null,
        1,
        27,
        27,
        null,
        null,
        1,
        23,
        18,
        18,
        18,
        null,
        18,
        null,
        18,
        18,
        8,
        null,
        10,
        10,
        null,
        null,
        1,
        8,
        null,
        null,
        1,
        5,
        null,
        null,
        1,
        18,
        18,
        18,
        null,
        18,
        0,
        0,
        0,
        null,
        null,
        18,
        null,
        null,
        null
      ],
      "/Users/konstantinhaase/Workspace/travis-api/lib/travis/api/v3/routes.rb": [
        1,
        1,
        1,
        1,
        null,
        1,
        1,
        1,
        null,
        null,
        null
      ],
      "/Users/konstantinhaase/Workspace/travis-api/lib/travis/api/v3/routes/dsl.rb": [
        1,
        null,
        1,
        1,
        1,
        126,
        null,
        null,
        1,
        32,
        null,
        null,
        1,
        3,
        null,
        null,
        1,
        1,
        1,
        1,
        null,
        null,
        1,
        1,
        1,
        null,
        1,
        null,
        null,
        1,
        1,
        null,
        null,
        1,
        1,
        null,
        null,
        1,
        0,
        null,
        null,
        1,
        27,
        27,
        27,
        27,
        27,
        27,
        null,
        null,
        27,
        null,
        null,
        1,
        18,
        18,
        18,
        18,
        null,
        null,
        null,
        null,
        null
      ],
      "/Users/konstantinhaase/Workspace/travis-api/lib/travis/api/v3/routes/resource.rb": [
        1,
        null,
        1,
        1,
        1,
        null,
        1,
        1,
        1,
        null,
        null,
        1,
        1,
        1,
        null,
        null,
        1,
        1,
        null,
        null,
        null
      ],
      "/Users/konstantinhaase/Workspace/travis-api/lib/travis/api/v3/service.rb": [
        1,
        1,
        1,
        0,
        null,
        null,
        1,
        1,
        1,
        3,
        39,
        3,
        3,
        null,
        1,
        null,
        null,
        1,
        null,
        1,
        18,
        18,
        null,
        null,
        1,
        0,
        null,
        null,
        1,
        0,
        null,
        null,
        null
      ],
      "/Users/konstantinhaase/Workspace/travis-api/lib/travis/api/v3/service_index.rb": [
        1,
        1,
        1,
        1,
        null,
        1,
        5,
        5,
        5,
        null,
        null,
        1,
        null,
        1,
        2,
        2,
        2,
        2,
        null,
        null,
        1,
        5,
        null,
        null,
        1,
        2,
        2,
        2,
        2,
        2,
        2,
        2,
        2,
        2,
        null,
        null,
        null,
        2,
        null,
        null,
        1,
        2,
        null,
        2,
        2,
        2,
        2,
        2,
        2,
        2,
        2,
        2,
        null,
        null,
        null,
        null,
        2,
        2,
        2,
        0,
        0,
        0,
        0,
        0,
        null,
        null,
        2,
        null,
        2,
        2,
        2,
        2,
        2,
        2,
        2,
        2,
        null,
        2,
        null,
        null,
        null,
        null,
        2,
        null,
        null,
        1,
        5,
        null,
        null,
        null
      ],
      "/Users/konstantinhaase/Workspace/travis-api/lib/travis/api/v3/services.rb": [
        1,
        1,
        1,
        27,
        27,
        null,
        null,
        null
      ],
      "/Users/konstantinhaase/Workspace/travis-api/lib/travis/api/v3/access_control/anonymous.rb": [
        1,
        null,
        1,
        1,
        null,
        1,
        null,
        1,
        13,
        null,
        null,
        null
      ],
      "/Users/konstantinhaase/Workspace/travis-api/lib/travis/api/v3/access_control/generic.rb": [
        1,
        1,
        1,
        null,
        null,
        1,
        7,
        null,
        null,
        1,
        18,
        null,
        null,
        1,
        null,
        1,
        14,
        12,
        null,
        null,
        1,
        4,
        null,
        null,
        1,
        28,
        null,
        null,
        1,
        14,
        null,
        null,
        1,
        14,
        null,
        null,
        1,
        14,
        null,
        null,
        1,
        null,
        1,
        14,
        14,
        null,
        null,
        null
      ],
      "/Users/konstantinhaase/Workspace/travis-api/lib/travis/api/v3/access_control/application.rb": [
        1,
        null,
        1,
        1,
        1,
        null,
        1,
        6,
        6,
        6,
        6,
        6,
        null,
        null,
        1,
        null,
        1,
        0,
        null,
        null,
        1,
        4,
        null,
        null,
        null
      ],
      "/Users/konstantinhaase/Workspace/travis-api/lib/travis/api/v3/access_control/legacy_token.rb": [
        1,
        1,
        null,
        1,
        null,
        null,
        1,
        1,
        null,
        1,
        4,
        4,
        4,
        null,
        null,
        1,
        4,
        4,
        null,
        null,
        1,
        null,
        1,
        4,
        null,
        null,
        null
      ],
      "/Users/konstantinhaase/Workspace/travis-api/lib/travis/api/app/access_token.rb": [
        1,
        1,
        null,
        1,
        1,
        1,
        1,
        null,
        1,
        4,
        null,
        null,
        1,
        0,
        0,
        null,
        null,
        1,
        8,
        8,
        8,
        8,
        null,
        null,
        1,
        12,
        12,
        null,
        12,
        12,
        null,
        0,
        null,
        null,
        12,
        12,
        12,
        12,
        12,
        12,
        null,
        null,
        1,
        4,
        4,
        4,
        4,
        4,
        4,
        null,
        4,
        0,
        0,
        null,
        null,
        null,
        1,
        4,
        null,
        null,
        1,
        0,
        null,
        null,
        1,
        4,
        null,
        null,
        1,
        1,
        1,
        24,
        null,
        null,
        1,
        12,
        null,
        null,
        1,
        0,
        null,
        null,
        1,
        0,
        null,
        null,
        null,
        1,
        1,
        null,
        1,
        null,
        1,
        4,
        null,
        null,
        1,
        null,
        4,
        4,
        4,
        8,
        null,
        null,
        null
      ],
      "/Users/konstantinhaase/Workspace/travis-api/lib/travis/api/v3/access_control/user.rb": [
        1,
        null,
        1,
        1,
        1,
        null,
        1,
        4,
        4,
        4,
        null,
        null,
        1,
        null,
        1,
        4,
        null,
        null,
        1,
        4,
        4,
        null,
        null,
        null
      ],
      "/Users/konstantinhaase/Workspace/travis-api/lib/travis/api/v3/access_control/scoped.rb": [
        1,
        null,
        1,
        1,
        1,
        null,
        1,
        4,
        4,
        null,
        null,
        1,
        null,
        1,
        4,
        4,
        null,
        null,
        null
      ],
      "/Users/konstantinhaase/Workspace/travis-api/lib/travis/api/v3/access_control/signature.rb": [
        1,
        1,
        1,
        1,
        null,
        1,
        null,
        1,
        1,
        null,
        1,
        6,
        16,
        6,
        null,
        6,
        0,
        null,
        null,
        6,
        6,
        null,
        null,
        6,
        0,
        0,
        null,
        null,
        6,
        6,
        null,
        6,
        6,
        6,
        null,
        0,
        0,
        null,
        null,
        6,
        4,
        null,
        null,
        12,
        null,
        null,
        1,
        null,
        0,
        null,
        null,
        null,
        null,
        1,
        6,
        null,
        null,
        null
      ],
      "/Users/konstantinhaase/Workspace/travis-api/lib/travis/api/v3/renderer/error.rb": [
        1,
        1,
        1,
        null,
        1,
        null,
        null,
        null,
        null,
        null,
        10,
        null,
        null,
        null
      ],
      "/Users/konstantinhaase/Workspace/travis-api/lib/travis/api/v3/renderer/repository.rb": [
        1,
        1,
        1,
        1,
        null,
        1,
        8,
        null,
        null,
        1,
        56,
        null,
        null,
        1,
        null,
        null,
        null,
        null,
        null,
        null,
        null,
        null,
        null,
        null,
        null,
        null,
        null,
        null,
        null,
        8,
        null,
        null,
        null
      ],
      "/Users/konstantinhaase/Workspace/travis-api/lib/travis/api/v3/services/find_repository.rb": [
        1,
        1,
        1,
        null,
        1,
        18,
        8,
        null,
        null,
        1,
        42,
        42,
        null,
        null,
        1,
        18,
        0,
        0,
        0,
        null,
        null,
        null
      ],
      "/Users/konstantinhaase/Workspace/travis-api/lib/travis/api/app/middleware/logging.rb": [
        1,
        null,
        1,
        1,
        null,
        1,
        2,
        null,
        1,
        23,
        23,
        null,
        null,
        null,
        null
      ],
      "/Users/konstantinhaase/Workspace/travis-api/lib/travis/api/app/middleware.rb": [
        1,
        null,
        1,
        null,
        1,
        null,
        null
      ],
      "/Users/konstantinhaase/Workspace/travis-api/lib/travis/api/app/base.rb": [
        1,
        1,
        1,
        null,
        1,
        null,
        null,
        1,
        1,
        1,
        null,
        1,
        0,
        0,
        0,
        null,
        null,
        1,
        0,
        0,
        null,
        null,
        null,
        1,
        135,
        null,
        null,
        1,
        135,
        null,
        0,
        null,
        null,
        1,
        null,
        null,
        null,
        null,
        null,
        1,
        1,
        null,
        1,
        1,
        null,
        null,
        1,
        null,
        null,
        0,
        null,
        null,
        null
      ],
      "/Users/konstantinhaase/Workspace/travis-api/lib/travis/api/app/extensions.rb": [
        1,
        null,
        1,
        null,
        1,
        5,
        null,
        null
      ],
      "/Users/konstantinhaase/Workspace/travis-api/lib/travis/api/app/extensions/expose_pattern.rb": [
        1,
        null,
        1,
        1,
        1,
        1,
        119,
        119,
        null,
        null,
        null,
        null
      ],
      "/Users/konstantinhaase/Workspace/travis-api/lib/travis/api/app/extensions/scoping.rb": [
        1,
        null,
        1,
        1,
        1,
        1,
        1,
        0,
        null,
        null,
        1,
        0,
        null,
        null,
        1,
        0,
        null,
        0,
        0,
        null,
        0,
        null,
        null,
        null,
        null,
        1,
        1,
        1,
        null,
        null,
        1,
        118,
        0,
        0,
        null,
        0,
        0,
        0,
        0,
        null,
        0,
        0,
        0,
        0,
        null,
        null,
        null,
        0,
        0,
        0,
        null,
        0,
        0,
        null,
        0,
        null,
        null,
        null,
        0,
        null,
        null,
        null,
        1,
        118,
        118,
        null,
        null,
        null,
        null
      ],
      "/Users/konstantinhaase/Workspace/travis-api/lib/travis/api/app/extensions/smart_constants.rb": [
        1,
        null,
        1,
        1,
        null,
        null,
        null,
        null,
        null,
        null,
        null,
        1,
        1,
        4,
        null,
        null,
        1,
        4,
        null,
        null,
        1,
        null,
        1,
        20,
        null,
        null,
        null,
        null
      ],
      "/Users/konstantinhaase/Workspace/travis-api/lib/travis/api/app/extensions/subclass_tracker.rb": [
        1,
        null,
        1,
        1,
        null,
        null,
        1,
        1,
        707,
        null,
        null,
        null,
        1,
        594,
        85,
        null,
        null,
        1,
        28,
        28,
        28,
        null,
        null,
        null,
        null
      ],
      "/Users/konstantinhaase/Workspace/travis-api/lib/travis/api/app/helpers.rb": [
        1,
        null,
        1,
        null,
        1,
        7,
        null,
        null
      ],
      "/Users/konstantinhaase/Workspace/travis-api/lib/travis/api/app/helpers/accept.rb": [
        1,
        null,
        1,
        1,
        1,
        1,
        1,
        1,
        null,
        1,
        1,
        1,
        1,
        1,
        0,
        null,
        null,
        1,
        null,
        0,
        null,
        null,
        1,
        0,
        null,
        null,
        1,
        0,
        0,
        null,
        null,
        1,
        0,
        null,
        0,
        0,
        null,
        null,
        1,
        0,
        0,
        0,
        null,
        null,
        1,
        1,
        null,
        null,
        0,
        0,
        null,
        0,
        0,
        0,
        0,
        null,
        null,
        0,
        0,
        0,
        null,
        null,
        0,
        null,
        null,
        null,
        1,
        0,
        null,
        null,
        1,
        0,
        0,
        null,
        null,
        1,
        0,
        0,
        null,
        0,
        null,
        null,
        null,
        1,
        43,
        null,
        null,
        1,
        10,
        null,
        null,
        null,
        null
      ],
      "/Users/konstantinhaase/Workspace/travis-api/lib/travis/api/app/helpers/current_user.rb": [
        1,
        null,
        1,
        1,
        1,
        1,
        0,
        null,
        null,
        1,
        0,
        null,
        null,
        1,
        0,
        null,
        null,
        null,
        null
      ],
      "/Users/konstantinhaase/Workspace/travis-api/lib/travis/api/app/helpers/db_follower.rb": [
        1,
        null,
        1,
        1,
        1,
        1,
        0,
        null,
        null,
        null,
        null
      ],
      "/Users/konstantinhaase/Workspace/travis-api/lib/travis/api/app/helpers/flash.rb": [
        1,
        null,
        1,
        1,
        1,
        1,
        10,
        null,
        null,
        null,
        null
      ],
      "/Users/konstantinhaase/Workspace/travis-api/lib/travis/api/app/helpers/mime_types.rb": [
        1,
        null,
        1,
        1,
        1,
        1,
        0,
        null,
        null,
        1,
        0,
        null,
        null,
        1,
        0,
        null,
        null,
        1,
        0,
        null,
        null,
        1,
        0,
        null,
        null,
        null,
        null,
        null
      ],
      "/Users/konstantinhaase/Workspace/travis-api/lib/travis/api/app/helpers/respond_with.rb": [
        1,
        null,
        1,
        1,
        null,
        null,
        null,
        1,
        1,
        null,
        1,
        null,
        null,
        null,
        null,
        1,
        0,
        0,
        0,
        0,
        null,
        0,
        null,
        null,
        1,
        40,
        40,
        null,
        null,
        1,
        null,
        1,
        0,
        null,
        0,
        0,
        0,
        0,
        0,
        null,
        null,
        null,
        0,
        0,
        0,
        0,
        null,
        null,
        null,
        0,
        null,
        null,
        1,
        0,
        null,
        null,
        1,
        0,
        0,
        0,
        null,
        null,
        1,
        0,
        0,
        null,
        null,
        null,
        null,
        null
      ],
      "/Users/konstantinhaase/Workspace/travis-api/lib/travis/api/app/middleware/metriks.rb": [
        1,
        1,
        null,
        1,
        1,
        1,
        1,
        null,
        1,
        23,
        null,
        null,
        1,
        23,
        0,
        0,
        null,
        null,
        23,
        13,
        13,
        0,
        0,
        0,
        0,
        null,
        13,
        13,
        13,
        null,
        0,
        null,
        13,
        null,
        null,
        23,
        23,
        null,
        null,
        1,
        46,
        46,
        46,
        46,
        null,
        null,
        null,
        null
      ],
      "/Users/konstantinhaase/Workspace/travis-api/lib/travis/api/app/middleware/rewrite.rb": [
        1,
        null,
        1,
        1,
        1,
        1,
        1,
        null,
        1,
        null,
        2,
        null,
        1,
        10,
        10,
        10,
        null,
        null,
        1,
        10,
        null,
        null,
        1,
        null,
        1,
        10,
        10,
        10,
        null,
        null,
        1,
        10,
        null,
        null,
        1,
        0,
        null,
        null,
        1,
        10,
        0,
        null,
        null,
        null,
        1,
        0,
        0,
        0,
        0,
        0,
        null,
        null,
        1,
        10,
        null,
        null,
        1,
        10,
        null,
        null,
        1,
        0,
        null,
        null,
        1,
        0,
        null,
        null,
        1,
        20,
        null,
        null,
        null,
        null,
        null
      ],
      "/Users/konstantinhaase/Workspace/travis-api/lib/travis/api/app/middleware/scope_check.rb": [
        1,
        null,
        1,
        1,
        null,
        1,
        1,
        23,
        4,
        4,
        4,
        null,
        null,
        1,
        23,
        23,
        23,
        null,
        null,
        null,
        1,
        27,
        null,
        null,
        1,
        null,
        1,
        19,
        0,
        null,
        null,
        1,
        19,
        null,
        null,
        1,
        23,
        23,
        null,
        10,
        0,
        4,
        null,
        null,
        null,
        null,
        null
      ],
      "/Users/konstantinhaase/Workspace/travis-api/lib/travis/api/app/middleware/user_agent_tracker.rb": [
        1,
        1,
        null,
        1,
        1,
        1,
        1,
        null,
        null,
        null,
        null,
        null,
        null,
        1,
        23,
        23,
        null,
        null,
        1,
        0,
        0,
        0,
        0,
        0,
        0,
        0,
        0,
        0,
        0,
        null,
        null,
        null,
        1,
        null,
        0,
        0,
        null,
        null,
        1,
        0,
        null,
        0,
        0,
        0,
        null,
        null,
        0,
        null,
        null,
        null,
        1,
        0,
        0,
        null,
        null,
        1,
        0,
        0,
        null,
        null,
        null,
        null
      ],
      "/Users/konstantinhaase/Workspace/travis-api/lib/travis/api/app/endpoint/accounts.rb": [
        1,
        null,
        1,
        1,
        1,
        1,
        0,
        null,
        null,
        null,
        null
      ],
      "/Users/konstantinhaase/Workspace/travis-api/lib/travis/api/app/endpoint.rb": [
        1,
        1,
        1,
        null,
        1,
        null,
        1,
        1,
        null,
        471,
        1,
        1,
        1,
        null,
        null,
        11,
        11,
        null,
        1,
        1,
        10,
        10,
        0,
        null,
        10,
        null,
        null,
        0,
        null,
        null,
        null,
        1,
        null,
        1,
        0,
        null,
        null,
        1,
        0,
        0,
        0,
        0,
        0,
        null,
        null,
        1,
        0,
        null,
        null,
        null
      ],
      "/Users/konstantinhaase/Workspace/travis-api/lib/travis/api/app/endpoint/authorization.rb": [
        1,
        1,
        1,
        1,
        null,
        1,
        1,
        null,
        null,
        null,
        null,
        null,
        null,
        null,
        null,
        null,
        null,
        null,
        null,
        null,
        null,
        null,
        null,
        null,
        null,
        null,
        null,
        null,
        null,
        null,
        null,
        null,
        null,
        null,
        null,
        null,
        null,
        null,
        null,
        null,
        1,
        1,
        1,
        null,
        null,
        null,
        null,
        null,
        null,
        null,
        null,
        null,
        null,
        null,
        null,
        1,
        0,
        null,
        null,
        null,
        null,
        null,
        null,
        null,
        null,
        null,
        null,
        null,
        null,
        null,
        1,
        0,
        null,
        null,
        null,
        null,
        null,
        null,
        null,
        1,
        0,
        0,
        null,
        null,
        0,
        null,
        null,
        null,
        null,
        null,
        null,
        null,
        null,
        null,
        1,
        0,
        0,
        0,
        0,
        0,
        null,
        0,
        null,
        null,
        null,
        null,
        null,
        null,
        null,
        null,
        null,
        null,
        null,
        null,
        null,
        null,
        null,
        null,
        null,
        null,
        null,
        null,
        null,
        null,
        null,
        null,
        null,
        null,
        1,
        0,
        0,
        0,
        null,
        null,
        1,
        0,
        0,
        0,
        null,
        null,
        null,
        1,
        0,
        null,
        null,
        1,
        null,
        1,
        0,
        0,
        null,
        null,
        1,
        0,
        0,
        null,
        null,
        1,
        0,
        0,
        0,
        null,
        null,
        null,
        null,
        null,
        0,
        0,
        0,
        0,
        0,
        0,
        0,
        0,
        0,
        0,
        0,
        null,
        0,
        0,
        0,
        0,
        null,
        null,
        null,
        1,
        0,
        0,
        0,
        0,
        0,
        0,
        0,
        null,
        null,
        1,
        0,
        0,
        null,
        null,
        1,
        0,
        0,
        null,
        null,
        1,
        1,
        null,
        1,
        null,
        1,
        0,
        null,
        0,
        null,
        null,
        1,
        0,
        0,
        null,
        0,
        0,
        null,
        0,
        0,
        null,
        null,
        1,
        0,
        null,
        null,
        1,
        0,
        null,
        null,
        1,
        0,
        0,
        null,
        0,
        0,
        0,
        0,
        null,
        0,
        null,
        null,
        0,
        null,
        null,
        0,
        null,
        0,
        0,
        0,
        null,
        null,
        null,
        null,
        1,
        0,
        0,
        0,
        null,
        0,
        null,
        null,
        null,
        0,
        0,
        0,
        null,
        null,
        0,
        0,
        0,
        null,
        null,
        1,
        0,
        0,
        0,
        0,
        0,
        null,
        null,
        1,
        0,
        null,
        null,
        1,
        0,
        null,
        null,
        1,
        0,
        0,
        null,
        null,
        null,
        1,
        0,
        0,
        0,
        0,
        null,
        null,
        0,
        0,
        0,
        null,
        null,
        0,
        null,
        null,
        1,
        0,
        0,
        null,
        null,
        1,
        0,
        0,
        null,
        null,
        1,
        0,
        0,
        0,
        0,
        0,
        0,
        0,
        0,
        0,
        null,
        null,
        null,
        1,
        0,
        null,
        null,
        null,
        null,
        null,
        null
      ],
      "/Users/konstantinhaase/Workspace/travis-api/lib/travis/api/app/endpoint/branches.rb": [
        1,
        null,
        1,
        1,
        1,
        1,
        0,
        null,
        null,
        null,
        null,
        null,
        null,
        null,
        null,
        null
      ],
      "/Users/konstantinhaase/Workspace/travis-api/lib/travis/api/app/endpoint/broadcasts.rb": [
        1,
        null,
        1,
        1,
        1,
        1,
        0,
        null,
        null,
        null,
        null
      ],
      "/Users/konstantinhaase/Workspace/travis-api/lib/travis/api/app/endpoint/builds.rb": [
        1,
        null,
        1,
        1,
        1,
        1,
        0,
        0,
        0,
        0,
        null,
        null,
        null,
        1,
        0,
        null,
        null,
        1,
        0,
        null,
        0,
        0,
        0,
        null,
        null,
        null,
        0,
        0,
        0,
        null,
        0,
        null,
        null,
        null,
        null,
        0,
        0,
        0,
        null,
        0,
        null,
        0,
        0,
        null,
        null,
        null,
        1,
        0,
        0,
        null,
        null,
        null,
        null
      ],
      "/Users/konstantinhaase/Workspace/travis-api/lib/travis/api/app/endpoint/documentation.rb": [
        1,
        null,
        1,
        1,
        1,
        1,
        null,
        1,
        0,
        null,
        null,
        null,
        null
      ],
      "/Users/konstantinhaase/Workspace/travis-api/lib/travis/api/app/endpoint/endpoints.rb": [
        1,
        1,
        null,
        1,
        1,
        null,
        null,
        1,
        1,
        null,
        1,
        1,
        1,
        null,
        1,
        68,
        68,
        68,
        68,
        null,
        null,
        null,
        null,
        68,
        null,
        null,
        null,
        null,
        null,
        68,
        null,
        null,
        18,
        18,
        null,
        null,
        null,
        null,
        null,
        null,
        1,
        0,
        null,
        null,
        null,
        null,
        null,
        null,
        null,
        null,
        null,
        null,
        null,
        null,
        null,
        null,
        null,
        null,
        null,
        null,
        null,
        1,
        0,
        0,
        null,
        null,
        null,
        null
      ],
      "/Users/konstantinhaase/Workspace/travis-api/lib/travis/api/app/endpoint/env_vars.rb": [
        1,
        1,
        null,
        1,
        1,
        1,
        1,
        1,
        null,
        1,
        0,
        0,
        0,
        null,
        null,
        0,
        0,
        null,
        null,
        0,
        0,
        0,
        null,
        0,
        0,
        null,
        null,
        null,
        null,
        null,
        null
      ],
      "/Users/konstantinhaase/Workspace/travis-api/lib/travis/api/app/endpoint/setting_endpoint.rb": [
        1,
        null,
        1,
        1,
        66,
        null,
        1,
        null,
        null,
        1,
        54,
        54,
        53,
        null,
        1,
        1,
        1,
        null,
        null,
        null,
        1,
        0,
        0,
        0,
        null,
        null,
        null,
        1,
        1,
        1,
        1,
        1,
        1,
        null,
        null,
        null,
        null,
        1,
        0,
        null,
        null,
        1,
        0,
        null,
        null,
        1,
        0,
        0,
        0,
        0,
        null,
        0,
        0,
        null,
        null,
        null,
        1,
        0,
        0,
        0,
        0,
        null,
        0,
        0,
        null,
        null,
        null,
        1,
        0,
        0,
        0,
        null,
        null,
        1,
        0,
        null,
        null,
        1,
        0,
        null,
        null,
        null,
        null,
        1,
        null,
        0,
        0,
        null,
        null,
        1,
        0,
        null,
        null,
        1,
        0,
        null,
        null,
        null
      ],
      "/Users/konstantinhaase/Workspace/travis-api/lib/travis/api/app/endpoint/home.rb": [
        1,
        null,
        1,
        1,
        1,
        1,
        1,
        null,
        1,
        1,
        null,
        null,
        null,
        1,
        null,
        null,
        null,
        1,
        0,
        0,
        0,
        null,
        null,
        null,
        null,
        null,
        null,
        null,
        null,
        1,
        0,
        0,
        null,
        null,
        null,
        null,
        null,
        null,
        null,
        null,
        null,
        null,
        null,
        null,
        null,
        null,
        null,
        null,
        1,
        0,
        null,
        null,
        null,
        null
      ],
      "/Users/konstantinhaase/Workspace/travis-api/lib/travis/api/app/endpoint/hooks.rb": [
        1,
        null,
        1,
        1,
        1,
        1,
        0,
        null,
        null,
        1,
        0,
        null,
        null,
        null,
        null
      ],
      "/Users/konstantinhaase/Workspace/travis-api/lib/travis/api/app/endpoint/jobs.rb": [
        1,
        null,
        1,
        1,
        1,
        1,
        null,
        1,
        0,
        0,
        null,
        null,
        null,
        1,
        0,
        0,
        0,
        null,
        0,
        0,
        0,
        null,
        null,
        null,
        1,
        0,
        null,
        0,
        0,
        0,
        null,
        null,
        null,
        0,
        0,
        0,
        null,
        0,
        null,
        null,
        null,
        null,
        0,
        0,
        0,
        null,
        0,
        null,
        0,
        0,
        null,
        null,
        null,
        1,
        0,
        0,
        null,
        null,
        1,
        0,
        0,
        null,
        null,
        0,
        0,
        null,
        0,
        0,
        0,
        0,
        null,
        0,
        null,
        null,
        0,
        null,
        null,
        0,
        null,
        null,
        null,
        1,
        0,
        0,
        null,
        0,
        0,
        null,
        0,
        0,
        null,
        0,
        0,
        null,
        null,
        null,
        1,
        0,
        null,
        null,
        1,
        0,
        0,
        null,
        0,
        null,
        0,
        null,
        0,
        null,
        null,
        null,
        1,
        0,
        null,
        null,
        1,
        0,
        null,
        null,
        null,
        null
      ],
      "/Users/konstantinhaase/Workspace/travis-api/lib/travis/api/app/endpoint/lint.rb": [
        1,
        1,
        null,
        1,
        1,
        1,
        1,
        0,
        0,
        0,
        0,
        0,
        null,
        null,
        1,
        1,
        null,
        null,
        null
      ],
      "/Users/konstantinhaase/Workspace/travis-api/lib/travis/api/app/endpoint/logs.rb": [
        1,
        null,
        1,
        1,
        null,
        1,
        null,
        1,
        0,
        null,
        null,
        null,
        null
      ],
      "/Users/konstantinhaase/Workspace/travis-api/lib/travis/api/app/endpoint/repos.rb": [
        1,
        null,
        1,
        1,
        1,
        1,
        null,
        null,
        null,
        null,
        null,
        null,
        null,
        null,
        null,
        null,
        1,
        0,
        0,
        null,
        null,
        null,
        null,
        null,
        null,
        null,
        null,
        1,
        0,
        0,
        null,
        null,
        null,
        null,
        1,
        0,
        0,
        null,
        null,
        null,
        1,
        0,
        null,
        null,
        null,
        null,
        1,
        0,
        0,
        0,
        null,
        0,
        null,
        null,
        null,
        1,
        0,
        null,
        0,
        0,
        null,
        null,
        0,
        0,
        0,
        null,
        null,
        0,
        0,
        null,
        0,
        0,
        null,
        null,
        0,
        null,
        null,
        null,
        null,
        null,
        null,
        null,
        null,
        null,
        null,
        null,
        null,
        1,
        0,
        null,
        null,
        1,
        0,
        null,
        null,
        null,
        1,
        0,
        null,
        null,
        null,
        1,
        0,
        null,
        null,
        null,
        1,
        0,
        null,
        null,
        null,
        1,
        0,
        null,
        null,
        null,
        null,
        null,
        null,
        null,
        1,
        0,
        0,
        null,
        null,
        null,
        null,
        null,
        null,
        null,
        null,
        1,
        0,
        0,
        0,
        null,
        null,
        null,
        null,
        null,
        null,
        null,
        1,
        0,
        null,
        null,
        1,
        0,
        null,
        null,
        null,
        null,
        null,
        null,
        null,
        null,
        null,
        null,
        null,
        1,
        0,
        null,
        null,
        1,
        0,
        null,
        null,
        null,
        1,
        0,
        null,
        null,
        null,
        1,
        0,
        null,
        null,
        null,
        1,
        0,
        null,
        null,
        null,
        1,
        0,
        null,
        null,
        null,
        null
      ],
      "/Users/konstantinhaase/Workspace/travis-api/lib/travis/api/app/endpoint/requests.rb": [
        1,
        1,
        null,
        1,
        1,
        1,
        1,
        0,
        0,
        null,
        null,
        0,
        0,
        null,
        null,
        null,
        1,
        0,
        0,
        null,
        0,
        0,
        null,
        null,
        null,
        1,
        0,
        null,
        null,
        null,
        null,
        null
      ],
      "/Users/konstantinhaase/Workspace/travis-api/lib/travis/api/app/services/schedule_request.rb": [
        1,
        1,
        1,
        null,
        1,
        1,
        1,
        1,
        null,
        1,
        0,
        null,
        null,
        1,
        0,
        null,
        null,
        1,
        null,
        1,
        0,
        0,
        0,
        0,
        null,
        null,
        1,
        0,
        0,
        null,
        null,
        1,
        0,
        null,
        null,
        1,
        0,
        0,
        0,
        null,
        null,
        1,
        0,
        null,
        null,
        1,
        0,
        0,
        null,
        null,
        null,
        null
      ],
      "/Users/konstantinhaase/Workspace/travis-api/lib/travis/api/app/endpoint/singleton_settings_endpoint.rb": [
        1,
        1,
        null,
        1,
        1,
        1,
        1,
        1,
        1,
        1,
        1,
        1,
        null,
        null,
        null,
        null,
        1,
        0,
        0,
        0,
        0,
        null,
        0,
        0,
        null,
        null,
        null,
        1,
        0,
        0,
        0,
        null,
        null,
        1,
        0,
        null,
        null,
        1,
        0,
        null,
        null,
        1,
        0,
        null,
        null,
        null
      ],
      "/Users/konstantinhaase/Workspace/travis-api/lib/travis/api/app/endpoint/uptime.rb": [
        1,
        null,
        1,
        1,
        1,
        1,
        0,
        0,
        0,
        null,
        0,
        null,
        null,
        null,
        null,
        null
      ],
      "/Users/konstantinhaase/Workspace/travis-api/lib/travis/api/app/endpoint/users.rb": [
        1,
        null,
        1,
        1,
        null,
        1,
        null,
        null,
        null,
        null,
        null,
        null,
        null,
        null,
        null,
        null,
        null,
        null,
        null,
        null,
        null,
        1,
        0,
        null,
        null,
        1,
        0,
        null,
        null,
        null,
        null,
        null,
        null,
        null,
        null,
        null,
        null,
        null,
        null,
        1,
        0,
        0,
        null,
        null,
        1,
        0,
        null,
        null,
        1,
        0,
        0,
        0,
        null,
        0,
        null,
        null,
        null,
        null,
        null
      ],
      "/Users/konstantinhaase/Workspace/travis-api/lib/travis/api/app/cors.rb": [
        1,
        null,
        1,
        null,
        null,
        null,
        null,
        1,
        1,
        23,
        23,
        23,
        null,
        null,
        1,
        0,
        0,
        null,
        null,
        null
      ]
    },
    "timestamp": 1421854653
  }
}
